<?xml version="1.0" encoding="UTF-8"?>
<testsuite xmlns:xsi="http://www.w3.org/2001/XMLSchema-instance" xsi:noNamespaceSchemaLocation="https://maven.apache.org/surefire/maven-surefire-plugin/xsd/surefire-test-report.xsd" name="org.pricetrackerbatchapp.AppTest" time="29.212" tests="7" errors="0" skipped="0" failures="0">
  <properties>
    <property name="java.specification.version" value="17"/>
    <property name="sun.cpu.isalist" value="amd64"/>
    <property name="sun.jnu.encoding" value="Cp1252"/>
    <property name="java.class.path" value="S:\Projects\AmazonPriceTracker\Code\PriceTrackerBatchService\target\test-classes;S:\Projects\AmazonPriceTracker\Code\PriceTrackerBatchService\target\classes;C:\Users\bhand\.m2\repository\junit\junit\4.13.2\junit-4.13.2.jar;C:\Users\bhand\.m2\repository\org\hamcrest\hamcrest-core\1.3\hamcrest-core-1.3.jar;C:\Users\bhand\.m2\repository\org\jsoup\jsoup\1.14.3\jsoup-1.14.3.jar;C:\Users\bhand\.m2\repository\com\sun\mail\jakarta.mail\2.0.1\jakarta.mail-2.0.1.jar;C:\Users\bhand\.m2\repository\com\sun\activation\jakarta.activation\2.0.1\jakarta.activation-2.0.1.jar;C:\Users\bhand\.m2\repository\org\apache\commons\commons-lang3\3.12.0\commons-lang3-3.12.0.jar;C:\Users\bhand\.m2\repository\io\stargate\grpc\grpc-proto\1.0.41\grpc-proto-1.0.41.jar;C:\Users\bhand\.m2\repository\io\grpc\grpc-protobuf\1.35.0\grpc-protobuf-1.35.0.jar;C:\Users\bhand\.m2\repository\com\google\code\findbugs\jsr305\3.0.2\jsr305-3.0.2.jar;C:\Users\bhand\.m2\repository\com\google\protobuf\protobuf-java\3.12.0\protobuf-java-3.12.0.jar;C:\Users\bhand\.m2\repository\com\google\api\grpc\proto-google-common-protos\2.0.1\proto-google-common-protos-2.0.1.jar;C:\Users\bhand\.m2\repository\io\grpc\grpc-protobuf-lite\1.35.0\grpc-protobuf-lite-1.35.0.jar;C:\Users\bhand\.m2\repository\org\codehaus\mojo\animal-sniffer-annotations\1.19\animal-sniffer-annotations-1.19.jar;C:\Users\bhand\.m2\repository\io\grpc\grpc-stub\1.35.0\grpc-stub-1.35.0.jar;C:\Users\bhand\.m2\repository\io\grpc\grpc-netty-shaded\1.41.0\grpc-netty-shaded-1.41.0.jar;C:\Users\bhand\.m2\repository\com\google\guava\guava\30.1-android\guava-30.1-android.jar;C:\Users\bhand\.m2\repository\com\google\guava\failureaccess\1.0.1\failureaccess-1.0.1.jar;C:\Users\bhand\.m2\repository\com\google\guava\listenablefuture\9999.0-empty-to-avoid-conflict-with-guava\listenablefuture-9999.0-empty-to-avoid-conflict-with-guava.jar;C:\Users\bhand\.m2\repository\org\checkerframework\checker-compat-qual\2.5.5\checker-compat-qual-2.5.5.jar;C:\Users\bhand\.m2\repository\com\google\j2objc\j2objc-annotations\1.3\j2objc-annotations-1.3.jar;C:\Users\bhand\.m2\repository\com\google\errorprone\error_prone_annotations\2.9.0\error_prone_annotations-2.9.0.jar;C:\Users\bhand\.m2\repository\io\perfmark\perfmark-api\0.23.0\perfmark-api-0.23.0.jar;C:\Users\bhand\.m2\repository\io\grpc\grpc-core\1.41.0\grpc-core-1.41.0.jar;C:\Users\bhand\.m2\repository\io\grpc\grpc-api\1.41.0\grpc-api-1.41.0.jar;C:\Users\bhand\.m2\repository\io\grpc\grpc-context\1.41.0\grpc-context-1.41.0.jar;C:\Users\bhand\.m2\repository\com\google\code\gson\gson\2.8.6\gson-2.8.6.jar;C:\Users\bhand\.m2\repository\com\google\android\annotations\4.1.1.4\annotations-4.1.1.4.jar;C:\Users\bhand\.m2\repository\org\freemarker\freemarker\2.3.31\freemarker-2.3.31.jar;C:\Users\bhand\.m2\repository\org\json\json\20160810\json-20160810.jar;"/>
    <property name="java.vm.vendor" value="Oracle Corporation"/>
    <property name="sun.arch.data.model" value="64"/>
    <property name="user.variant" value=""/>
    <property name="java.vendor.url" value="https://java.oracle.com/"/>
    <property name="user.timezone" value="America/New_York"/>
    <property name="os.name" value="Windows 10"/>
    <property name="java.vm.specification.version" value="17"/>
    <property name="sun.java.launcher" value="SUN_STANDARD"/>
    <property name="user.country" value="US"/>
    <property name="sun.boot.library.path" value="C:\Program Files\Java\jdk-17.0.1\bin"/>
    <property name="sun.java.command" value="C:\Users\bhand\AppData\Local\Temp\surefire12129482362807171300\surefirebooter12157381091274170792.jar C:\Users\bhand\AppData\Local\Temp\surefire12129482362807171300 2021-12-03T16-35-15_157-jvmRun1 surefire6520179279582369295tmp surefire_015654478192434213241tmp"/>
    <property name="jdk.debug" value="release"/>
    <property name="surefire.test.class.path" value="S:\Projects\AmazonPriceTracker\Code\PriceTrackerBatchService\target\test-classes;S:\Projects\AmazonPriceTracker\Code\PriceTrackerBatchService\target\classes;C:\Users\bhand\.m2\repository\junit\junit\4.13.2\junit-4.13.2.jar;C:\Users\bhand\.m2\repository\org\hamcrest\hamcrest-core\1.3\hamcrest-core-1.3.jar;C:\Users\bhand\.m2\repository\org\jsoup\jsoup\1.14.3\jsoup-1.14.3.jar;C:\Users\bhand\.m2\repository\com\sun\mail\jakarta.mail\2.0.1\jakarta.mail-2.0.1.jar;C:\Users\bhand\.m2\repository\com\sun\activation\jakarta.activation\2.0.1\jakarta.activation-2.0.1.jar;C:\Users\bhand\.m2\repository\org\apache\commons\commons-lang3\3.12.0\commons-lang3-3.12.0.jar;C:\Users\bhand\.m2\repository\io\stargate\grpc\grpc-proto\1.0.41\grpc-proto-1.0.41.jar;C:\Users\bhand\.m2\repository\io\grpc\grpc-protobuf\1.35.0\grpc-protobuf-1.35.0.jar;C:\Users\bhand\.m2\repository\com\google\code\findbugs\jsr305\3.0.2\jsr305-3.0.2.jar;C:\Users\bhand\.m2\repository\com\google\protobuf\protobuf-java\3.12.0\protobuf-java-3.12.0.jar;C:\Users\bhand\.m2\repository\com\google\api\grpc\proto-google-common-protos\2.0.1\proto-google-common-protos-2.0.1.jar;C:\Users\bhand\.m2\repository\io\grpc\grpc-protobuf-lite\1.35.0\grpc-protobuf-lite-1.35.0.jar;C:\Users\bhand\.m2\repository\org\codehaus\mojo\animal-sniffer-annotations\1.19\animal-sniffer-annotations-1.19.jar;C:\Users\bhand\.m2\repository\io\grpc\grpc-stub\1.35.0\grpc-stub-1.35.0.jar;C:\Users\bhand\.m2\repository\io\grpc\grpc-netty-shaded\1.41.0\grpc-netty-shaded-1.41.0.jar;C:\Users\bhand\.m2\repository\com\google\guava\guava\30.1-android\guava-30.1-android.jar;C:\Users\bhand\.m2\repository\com\google\guava\failureaccess\1.0.1\failureaccess-1.0.1.jar;C:\Users\bhand\.m2\repository\com\google\guava\listenablefuture\9999.0-empty-to-avoid-conflict-with-guava\listenablefuture-9999.0-empty-to-avoid-conflict-with-guava.jar;C:\Users\bhand\.m2\repository\org\checkerframework\checker-compat-qual\2.5.5\checker-compat-qual-2.5.5.jar;C:\Users\bhand\.m2\repository\com\google\j2objc\j2objc-annotations\1.3\j2objc-annotations-1.3.jar;C:\Users\bhand\.m2\repository\com\google\errorprone\error_prone_annotations\2.9.0\error_prone_annotations-2.9.0.jar;C:\Users\bhand\.m2\repository\io\perfmark\perfmark-api\0.23.0\perfmark-api-0.23.0.jar;C:\Users\bhand\.m2\repository\io\grpc\grpc-core\1.41.0\grpc-core-1.41.0.jar;C:\Users\bhand\.m2\repository\io\grpc\grpc-api\1.41.0\grpc-api-1.41.0.jar;C:\Users\bhand\.m2\repository\io\grpc\grpc-context\1.41.0\grpc-context-1.41.0.jar;C:\Users\bhand\.m2\repository\com\google\code\gson\gson\2.8.6\gson-2.8.6.jar;C:\Users\bhand\.m2\repository\com\google\android\annotations\4.1.1.4\annotations-4.1.1.4.jar;C:\Users\bhand\.m2\repository\org\freemarker\freemarker\2.3.31\freemarker-2.3.31.jar;C:\Users\bhand\.m2\repository\org\json\json\20160810\json-20160810.jar;"/>
    <property name="sun.cpu.endian" value="little"/>
    <property name="user.home" value="C:\Users\bhand"/>
    <property name="user.language" value="en"/>
    <property name="java.specification.vendor" value="Oracle Corporation"/>
    <property name="java.version.date" value="2021-10-19"/>
    <property name="java.home" value="C:\Program Files\Java\jdk-17.0.1"/>
    <property name="file.separator" value="\"/>
    <property name="basedir" value="S:\Projects\AmazonPriceTracker\Code\PriceTrackerBatchService"/>
    <property name="java.vm.compressedOopsMode" value="Zero based"/>
    <property name="line.separator" value="&#10;"/>
    <property name="java.vm.specification.vendor" value="Oracle Corporation"/>
    <property name="java.specification.name" value="Java Platform API Specification"/>
    <property name="surefire.real.class.path" value="C:\Users\bhand\AppData\Local\Temp\surefire12129482362807171300\surefirebooter12157381091274170792.jar"/>
    <property name="user.script" value=""/>
    <property name="sun.management.compiler" value="HotSpot 64-Bit Tiered Compilers"/>
    <property name="java.runtime.version" value="17.0.1+12-LTS-39"/>
    <property name="user.name" value="bhand"/>
    <property name="path.separator" value=";"/>
    <property name="os.version" value="10.0"/>
    <property name="java.runtime.name" value="Java(TM) SE Runtime Environment"/>
    <property name="file.encoding" value="Cp1252"/>
    <property name="java.vm.name" value="Java HotSpot(TM) 64-Bit Server VM"/>
    <property name="localRepository" value="C:\Users\bhand\.m2\repository"/>
    <property name="java.vendor.url.bug" value="https://bugreport.java.com/bugreport/"/>
    <property name="java.io.tmpdir" value="C:\Users\bhand\AppData\Local\Temp\"/>
    <property name="idea.version" value="2021.2.3"/>
    <property name="java.version" value="17.0.1"/>
    <property name="user.dir" value="S:\Projects\AmazonPriceTracker\Code\PriceTrackerBatchService"/>
    <property name="os.arch" value="amd64"/>
    <property name="java.vm.specification.name" value="Java Virtual Machine Specification"/>
    <property name="sun.os.patch.level" value=""/>
    <property name="native.encoding" value="Cp1252"/>
    <property name="java.library.path" value="C:\Program Files\Java\jdk-17.0.1\bin;C:\WINDOWS\Sun\Java\bin;C:\WINDOWS\system32;C:\WINDOWS;C:\Program Files\Java\jre1.8.0_311\bin;C:\Program Files\Common Files\Oracle\Java\javapath;C:\Program Files (x86)\Common Files\Oracle\Java\javapath;C:\Python38\Scripts\;C:\Python38\;C:\WINDOWS\system32;C:\WINDOWS;C:\WINDOWS\System32\Wbem;C:\WINDOWS\System32\WindowsPowerShell\v1.0\;C:\WINDOWS\System32\OpenSSH\;C:\Program Files\Git\cmd;C:\Program Files\nodejs\;C:\ProgramData\chocolatey\bin;C:\spark-3.2.0-bin-hadoop3.2\bin;C:\elastic_stack\logstash-7.15.2-windows-x86_64\logstash-7.15.2\bin;C:\elastic_stack\kibana-7.15.2-windows-x86_64\kibana-7.15.2-windows-x86_64\bin;C:\elastic_stack\elasticsearch-7.15.2\bin;C:\Program Files\PuTTY\;C:\Users\bhand\AppData\Local\Microsoft\WindowsApps;C:\Users\bhand\AppData\Local\GitHubDesktop\bin;C:\Users\bhand\AppData\Local\Programs\Microsoft VS Code\bin;C:\Users\bhand\AppData\Roaming\npm;C:\Program Files\heroku\bin;C:\Users\bhand\AppData\Local\Microsoft\WindowsApps;c:\hadoop\bin;;."/>
    <property name="java.vm.info" value="mixed mode, sharing"/>
    <property name="java.vendor" value="Oracle Corporation"/>
    <property name="java.vm.version" value="17.0.1+12-LTS-39"/>
    <property name="sun.io.unicode.encoding" value="UnicodeLittle"/>
    <property name="java.class.version" value="61.0"/>
  </properties>
  <testcase name="sendEmailTest" classname="org.pricetrackerbatchapp.AppTest" time="1.734"/>
  <testcase name="testFreeMakerTemplate" classname="org.pricetrackerbatchapp.AppTest" time="0.008"/>
  <testcase name="astraDbAllDataTest" classname="org.pricetrackerbatchapp.AppTest" time="0.582"/>
  <testcase name="productIdRegexTests" classname="org.pricetrackerbatchapp.AppTest" time="0.001"/>
  <testcase name="axessoProductApiTest" classname="org.pricetrackerbatchapp.AppTest" time="7.549"/>
  <testcase name="doBatchTest" classname="org.pricetrackerbatchapp.AppTest" time="19.298"/>
  <testcase name="astraDbConnectionTest" classname="org.pricetrackerbatchapp.AppTest" time="0.002"/>
</testsuite>